Using pre-set license
Built from '2020.3/staging' branch; Version is '2020.3.6f1 (338bb68529b2) revision 3378102'; Using compiler version '192528614'; Build Type 'Release'
OS: 'Windows 10 Home Single Language; OS build 19042.1052; Version 2009; 64bit' Language: 'en' Physical Memory: 8043 MB
BatchMode: 1, IsHumanControllingUs: 0, StartBugReporterOnCrash: 0, Is64bit: 1, IsPro: 0

 COMMAND LINE ARGUMENTS:
D:\Tools\Unity\2020.3.6f1\Editor\Unity.exe
-adb2
-batchMode
-noUpm
-name
AssetImportWorker1
-projectPath
D:/Tools/GitHub/Gino/Gino
-logFile
Logs/AssetImportWorker1.log
-srvPort
62470
Successfully changed project path to: D:/Tools/GitHub/Gino/Gino
D:/Tools/GitHub/Gino/Gino
Using Asset Import Pipeline V2.
Refreshing native plugins compatible for Editor in 58.89 ms, found 1 plugins.
Preloading 0 native plugins for Editor in 0.00 ms.
Initialize engine version: 2020.3.6f1 (338bb68529b2)
[Subsystems] Discovering subsystems at path D:/Tools/Unity/2020.3.6f1/Editor/Data/Resources/UnitySubsystems
[Subsystems] Discovering subsystems at path D:/Tools/GitHub/Gino/Gino/Assets
GfxDevice: creating device client; threaded=0
Direct3D:
    Version:  Direct3D 11.0 [level 11.1]
    Renderer: NVIDIA GeForce MX250 (ID=0x1d13)
    Vendor:   
    VRAM:     1983 MB
    Driver:   27.21.14.6231
Initialize mono
Mono path[0] = 'D:/Tools/Unity/2020.3.6f1/Editor/Data/Managed'
Mono path[1] = 'D:/Tools/Unity/2020.3.6f1/Editor/Data/MonoBleedingEdge/lib/mono/unityjit'
Mono config path = 'D:/Tools/Unity/2020.3.6f1/Editor/Data/MonoBleedingEdge/etc'
Using monoOptions --debugger-agent=transport=dt_socket,embedding=1,server=y,suspend=n,address=127.0.0.1:56152
Begin MonoManager ReloadAssembly
Registering precompiled unity dll's ...
Register platform support module: D:/Tools/Unity/2020.3.6f1/Editor/Data/PlaybackEngines/WebGLSupport/UnityEditor.WebGL.Extensions.dll
Register platform support module: D:/Tools/Unity/2020.3.6f1/Editor/Data/PlaybackEngines/WindowsStandaloneSupport/UnityEditor.WindowsStandalone.Extensions.dll
Registered in 0.002025 seconds.
Native extension for WindowsStandalone target not found
Native extension for WebGL target not found
Refreshing native plugins compatible for Editor in 60.86 ms, found 1 plugins.
Preloading 0 native plugins for Editor in 0.00 ms.
Mono: successfully reloaded assembly
- Completed reload, in  1.943 seconds
Platform modules already initialized, skipping
Registering precompiled user dll's ...
Registered in 0.001172 seconds.
Begin MonoManager ReloadAssembly
Native extension for WindowsStandalone target not found
Native extension for WebGL target not found
Refreshing native plugins compatible for Editor in 57.33 ms, found 1 plugins.
Preloading 0 native plugins for Editor in 0.00 ms.
Mono: successfully reloaded assembly
- Completed reload, in  1.038 seconds
Platform modules already initialized, skipping
========================================================================
Worker process is ready to serve import requests
Launched and connected shader compiler UnityShaderCompiler.exe after 0.08 seconds
Refreshing native plugins compatible for Editor in 0.89 ms, found 1 plugins.
Preloading 0 native plugins for Editor in 0.00 ms.
Unloading 2023 Unused Serialized files (Serialized files now loaded: 0)
System memory in use before: 97.0 MB.
System memory in use after: 97.0 MB.

Unloading 24 unused Assets to reduce memory usage. Loaded Objects now: 2468.
Total: 2.426200 ms (FindLiveObjects: 0.229600 ms CreateObjectMapping: 0.089900 ms MarkObjects: 1.960700 ms  DeleteObjects: 0.144500 ms)

========================================================================
Received Import Request.
  path: Assets/Animaton/AniEnemy/Enemy3_TakeDmg.anim
  artifactKey: Guid(523b8f8d9efc852498b0e0e2d8fad6d6) Importer(815301076,1909f56bfc062723c751e8b465ee728b)
Start importing Assets/Animaton/AniEnemy/Enemy3_TakeDmg.anim using Guid(523b8f8d9efc852498b0e0e2d8fad6d6) Importer(815301076,1909f56bfc062723c751e8b465ee728b)  -> (artifact id: '76e8f5889796e611fd65c8c1ec72750e') in 0.047884 seconds
  Import took 0.053470 seconds .

========================================================================
Received Import Request.
  Time since last request: 1.876211 seconds.
  path: Assets/Animaton/AniEnemy/TakeDamage.anim
  artifactKey: Guid(ce62038dd73d0e2428d3c8a08a9e93aa) Importer(815301076,1909f56bfc062723c751e8b465ee728b)
Start importing Assets/Animaton/AniEnemy/TakeDamage.anim using Guid(ce62038dd73d0e2428d3c8a08a9e93aa) Importer(815301076,1909f56bfc062723c751e8b465ee728b)  -> (artifact id: '604cb3f5286549c603b7c83d532b1128') in 0.024306 seconds
  Import took 0.030686 seconds .

========================================================================
Received Import Request.
  Time since last request: 6.255014 seconds.
  path: Assets/Animaton/AniEnemy/Enemy2_Attack.anim
  artifactKey: Guid(43b54d30e810c3349aee40938564955a) Importer(815301076,1909f56bfc062723c751e8b465ee728b)
Start importing Assets/Animaton/AniEnemy/Enemy2_Attack.anim using Guid(43b54d30e810c3349aee40938564955a) Importer(815301076,1909f56bfc062723c751e8b465ee728b)  -> (artifact id: '534c09ca0a6f07d3b4eaaf9404c1744d') in 0.010139 seconds
  Import took 0.019482 seconds .

========================================================================
Received Import Request.
  Time since last request: 0.001432 seconds.
  path: Assets/Animaton/AniEnemy/Enemy2_Attack.anim
  artifactKey: Guid(43b54d30e810c3349aee40938564955a) Importer(815301076,1909f56bfc062723c751e8b465ee728b)
Start importing Assets/Animaton/AniEnemy/Enemy2_Attack.anim using Guid(43b54d30e810c3349aee40938564955a) Importer(815301076,1909f56bfc062723c751e8b465ee728b)  -> (artifact id: '534c09ca0a6f07d3b4eaaf9404c1744d') in 0.003567 seconds
  Import took 0.007592 seconds .

========================================================================
Received Import Request.
  Time since last request: 9.217498 seconds.
  path: Assets/Animaton/AniEnemy/Enemy2_TakeDmg.anim
  artifactKey: Guid(ce62038dd73d0e2428d3c8a08a9e93aa) Importer(815301076,1909f56bfc062723c751e8b465ee728b)
Start importing Assets/Animaton/AniEnemy/Enemy2_TakeDmg.anim using Guid(ce62038dd73d0e2428d3c8a08a9e93aa) Importer(815301076,1909f56bfc062723c751e8b465ee728b)  -> (artifact id: '644c6b3d2e266571b500c864bb4ab047') in 0.011038 seconds
  Import took 0.017971 seconds .

========================================================================
Received Prepare
Registering precompiled user dll's ...
Registered in 0.001075 seconds.
Begin MonoManager ReloadAssembly
Native extension for WindowsStandalone target not found
Native extension for WebGL target not found
Refreshing native plugins compatible for Editor in 0.64 ms, found 1 plugins.
Preloading 0 native plugins for Editor in 0.00 ms.
Mono: successfully reloaded assembly
- Completed reload, in  1.116 seconds
Platform modules already initialized, skipping
Refreshing native plugins compatible for Editor in 0.68 ms, found 1 plugins.
Preloading 0 native plugins for Editor in 0.00 ms.
Unloading 2000 Unused Serialized files (Serialized files now loaded: 0)
System memory in use before: 95.2 MB.
System memory in use after: 95.2 MB.

Unloading 12 unused Assets to reduce memory usage. Loaded Objects now: 2472.
Total: 2.456800 ms (FindLiveObjects: 0.274300 ms CreateObjectMapping: 0.081300 ms MarkObjects: 1.970000 ms  DeleteObjects: 0.129800 ms)

========================================================================
Received Import Request.
  Time since last request: 41.924075 seconds.
  path: Assets/Animaton/AniEnemy/Enemy1_TakeDmg.anim
  artifactKey: Guid(ce62038dd73d0e2428d3c8a08a9e93aa) Importer(815301076,1909f56bfc062723c751e8b465ee728b)
Start importing Assets/Animaton/AniEnemy/Enemy1_TakeDmg.anim using Guid(ce62038dd73d0e2428d3c8a08a9e93aa) Importer(815301076,1909f56bfc062723c751e8b465ee728b)  -> (artifact id: '4494469a494876e226af88af9f59db91') in 0.023929 seconds
  Import took 0.030139 seconds .

========================================================================
Received Prepare
Registering precompiled user dll's ...
Registered in 0.001133 seconds.
Begin MonoManager ReloadAssembly
Native extension for WindowsStandalone target not found
Native extension for WebGL target not found
Refreshing native plugins compatible for Editor in 0.64 ms, found 1 plugins.
Preloading 0 native plugins for Editor in 0.00 ms.
Mono: successfully reloaded assembly
- Completed reload, in  0.963 seconds
Platform modules already initialized, skipping
Refreshing native plugins compatible for Editor in 0.64 ms, found 1 plugins.
Preloading 0 native plugins for Editor in 0.00 ms.
Unloading 2000 Unused Serialized files (Serialized files now loaded: 0)
System memory in use before: 95.2 MB.
System memory in use after: 95.2 MB.

Unloading 12 unused Assets to reduce memory usage. Loaded Objects now: 2476.
Total: 2.700700 ms (FindLiveObjects: 0.372700 ms CreateObjectMapping: 0.147000 ms MarkObjects: 2.052000 ms  DeleteObjects: 0.127900 ms)

========================================================================
Received Prepare
Registering precompiled user dll's ...
Registered in 0.001151 seconds.
Begin MonoManager ReloadAssembly
Native extension for WindowsStandalone target not found
Native extension for WebGL target not found
Refreshing native plugins compatible for Editor in 0.66 ms, found 1 plugins.
Preloading 0 native plugins for Editor in 0.00 ms.
Mono: successfully reloaded assembly
- Completed reload, in  0.904 seconds
Platform modules already initialized, skipping
Refreshing native plugins compatible for Editor in 0.62 ms, found 1 plugins.
Preloading 0 native plugins for Editor in 0.00 ms.
Unloading 2000 Unused Serialized files (Serialized files now loaded: 0)
System memory in use before: 95.3 MB.
System memory in use after: 95.3 MB.

Unloading 12 unused Assets to reduce memory usage. Loaded Objects now: 2480.
Total: 3.026800 ms (FindLiveObjects: 0.354700 ms CreateObjectMapping: 0.166300 ms MarkObjects: 2.361700 ms  DeleteObjects: 0.142600 ms)

========================================================================
Received Prepare
Registering precompiled user dll's ...
Registered in 0.001054 seconds.
Begin MonoManager ReloadAssembly
Native extension for WindowsStandalone target not found
Native extension for WebGL target not found
Refreshing native plugins compatible for Editor in 0.73 ms, found 1 plugins.
Preloading 0 native plugins for Editor in 0.00 ms.
Mono: successfully reloaded assembly
- Completed reload, in  1.098 seconds
Platform modules already initialized, skipping
Refreshing native plugins compatible for Editor in 1.00 ms, found 1 plugins.
Preloading 0 native plugins for Editor in 0.00 ms.
Unloading 2000 Unused Serialized files (Serialized files now loaded: 0)
System memory in use before: 95.3 MB.
System memory in use after: 95.3 MB.

Unloading 12 unused Assets to reduce memory usage. Loaded Objects now: 2484.
Total: 2.207400 ms (FindLiveObjects: 0.419600 ms CreateObjectMapping: 0.089700 ms MarkObjects: 1.609800 ms  DeleteObjects: 0.087200 ms)

========================================================================
Received Prepare
Registering precompiled user dll's ...
Registered in 0.001087 seconds.
Begin MonoManager ReloadAssembly
Native extension for WindowsStandalone target not found
Native extension for WebGL target not found
Refreshing native plugins compatible for Editor in 0.66 ms, found 1 plugins.
Preloading 0 native plugins for Editor in 0.00 ms.
Mono: successfully reloaded assembly
- Completed reload, in  0.897 seconds
Platform modules already initialized, skipping
Refreshing native plugins compatible for Editor in 0.60 ms, found 1 plugins.
Preloading 0 native plugins for Editor in 0.00 ms.
Unloading 2000 Unused Serialized files (Serialized files now loaded: 0)
System memory in use before: 95.3 MB.
System memory in use after: 95.3 MB.

Unloading 12 unused Assets to reduce memory usage. Loaded Objects now: 2488.
Total: 4.764700 ms (FindLiveObjects: 0.645300 ms CreateObjectMapping: 0.150800 ms MarkObjects: 3.847000 ms  DeleteObjects: 0.120000 ms)

========================================================================
Received Prepare
Registering precompiled user dll's ...
Registered in 0.001347 seconds.
Begin MonoManager ReloadAssembly
Native extension for WindowsStandalone target not found
Native extension for WebGL target not found
Refreshing native plugins compatible for Editor in 0.73 ms, found 1 plugins.
Preloading 0 native plugins for Editor in 0.00 ms.
Mono: successfully reloaded assembly
- Completed reload, in  0.890 seconds
Platform modules already initialized, skipping
Refreshing native plugins compatible for Editor in 0.66 ms, found 1 plugins.
Preloading 0 native plugins for Editor in 0.00 ms.
Unloading 2000 Unused Serialized files (Serialized files now loaded: 0)
System memory in use before: 95.3 MB.
System memory in use after: 95.3 MB.

Unloading 12 unused Assets to reduce memory usage. Loaded Objects now: 2492.
Total: 2.800600 ms (FindLiveObjects: 0.464500 ms CreateObjectMapping: 0.179900 ms MarkObjects: 2.016300 ms  DeleteObjects: 0.138600 ms)

========================================================================
Received Prepare
Registering precompiled user dll's ...
Registered in 0.001400 seconds.
Begin MonoManager ReloadAssembly
Native extension for WindowsStandalone target not found
Native extension for WebGL target not found
Refreshing native plugins compatible for Editor in 0.89 ms, found 1 plugins.
Preloading 0 native plugins for Editor in 0.00 ms.
Mono: successfully reloaded assembly
- Completed reload, in  0.939 seconds
Platform modules already initialized, skipping
Refreshing native plugins compatible for Editor in 0.69 ms, found 1 plugins.
Preloading 0 native plugins for Editor in 0.00 ms.
Unloading 2000 Unused Serialized files (Serialized files now loaded: 0)
System memory in use before: 95.3 MB.
System memory in use after: 95.3 MB.

Unloading 12 unused Assets to reduce memory usage. Loaded Objects now: 2496.
Total: 2.737300 ms (FindLiveObjects: 0.257600 ms CreateObjectMapping: 0.082200 ms MarkObjects: 2.291500 ms  DeleteObjects: 0.104700 ms)

========================================================================
Received Prepare
Registering precompiled user dll's ...
Registered in 0.001542 seconds.
Begin MonoManager ReloadAssembly
Native extension for WindowsStandalone target not found
Native extension for WebGL target not found
Refreshing native plugins compatible for Editor in 0.74 ms, found 1 plugins.
Preloading 0 native plugins for Editor in 0.00 ms.
Mono: successfully reloaded assembly
- Completed reload, in  1.068 seconds
Platform modules already initialized, skipping
Refreshing native plugins compatible for Editor in 0.74 ms, found 1 plugins.
Preloading 0 native plugins for Editor in 0.00 ms.
Unloading 2000 Unused Serialized files (Serialized files now loaded: 0)
System memory in use before: 95.3 MB.
System memory in use after: 95.3 MB.

Unloading 12 unused Assets to reduce memory usage. Loaded Objects now: 2500.
Total: 3.424900 ms (FindLiveObjects: 0.552400 ms CreateObjectMapping: 0.289600 ms MarkObjects: 2.476600 ms  DeleteObjects: 0.104400 ms)

========================================================================
Received Import Request.
  Time since last request: 392.249961 seconds.
  path: Assets/Animaton/AniEnemy/Enemy2_TakeDmg.anim
  artifactKey: Guid(33137148eb288964bacf0faf28bfae19) Importer(815301076,1909f56bfc062723c751e8b465ee728b)
Start importing Assets/Animaton/AniEnemy/Enemy2_TakeDmg.anim using Guid(33137148eb288964bacf0faf28bfae19) Importer(815301076,1909f56bfc062723c751e8b465ee728b)  -> (artifact id: '4fc8d1fc4d537b5e5a6c143518945c07') in 0.031096 seconds
  Import took 0.043324 seconds .

========================================================================
Received Prepare
Registering precompiled user dll's ...
Registered in 0.001509 seconds.
Begin MonoManager ReloadAssembly
Native extension for WindowsStandalone target not found
Native extension for WebGL target not found
Refreshing native plugins compatible for Editor in 0.61 ms, found 1 plugins.
Preloading 0 native plugins for Editor in 0.00 ms.
Mono: successfully reloaded assembly
- Completed reload, in  1.033 seconds
Platform modules already initialized, skipping
Refreshing native plugins compatible for Editor in 0.64 ms, found 1 plugins.
Preloading 0 native plugins for Editor in 0.00 ms.
Unloading 2000 Unused Serialized files (Serialized files now loaded: 0)
System memory in use before: 95.3 MB.
System memory in use after: 95.3 MB.

Unloading 12 unused Assets to reduce memory usage. Loaded Objects now: 2504.
Total: 3.087000 ms (FindLiveObjects: 0.448700 ms CreateObjectMapping: 0.278200 ms MarkObjects: 2.191700 ms  DeleteObjects: 0.166600 ms)

========================================================================
Received Prepare
Registering precompiled user dll's ...
Registered in 0.001389 seconds.
Begin MonoManager ReloadAssembly
Native extension for WindowsStandalone target not found
Native extension for WebGL target not found
Refreshing native plugins compatible for Editor in 0.63 ms, found 1 plugins.
Preloading 0 native plugins for Editor in 0.00 ms.
Mono: successfully reloaded assembly
- Completed reload, in  0.900 seconds
Platform modules already initialized, skipping
Refreshing native plugins compatible for Editor in 0.61 ms, found 1 plugins.
Preloading 0 native plugins for Editor in 0.00 ms.
Unloading 2000 Unused Serialized files (Serialized files now loaded: 0)
System memory in use before: 95.3 MB.
System memory in use after: 95.3 MB.

Unloading 12 unused Assets to reduce memory usage. Loaded Objects now: 2508.
Total: 2.648000 ms (FindLiveObjects: 0.339100 ms CreateObjectMapping: 0.152400 ms MarkObjects: 2.066600 ms  DeleteObjects: 0.088200 ms)

========================================================================
Received Prepare
Registering precompiled user dll's ...
Registered in 0.001246 seconds.
Begin MonoManager ReloadAssembly
Native extension for WindowsStandalone target not found
Native extension for WebGL target not found
Refreshing native plugins compatible for Editor in 0.78 ms, found 1 plugins.
Preloading 0 native plugins for Editor in 0.00 ms.
Mono: successfully reloaded assembly
- Completed reload, in  0.991 seconds
Platform modules already initialized, skipping
Refreshing native plugins compatible for Editor in 0.79 ms, found 1 plugins.
Preloading 0 native plugins for Editor in 0.00 ms.
Unloading 2000 Unused Serialized files (Serialized files now loaded: 0)
System memory in use before: 95.3 MB.
System memory in use after: 95.3 MB.

Unloading 12 unused Assets to reduce memory usage. Loaded Objects now: 2512.
Total: 2.331500 ms (FindLiveObjects: 0.232800 ms CreateObjectMapping: 0.077500 ms MarkObjects: 1.877600 ms  DeleteObjects: 0.142500 ms)

========================================================================
Received Import Request.
  Time since last request: 219.940112 seconds.
  path: Assets/Scenes/Scene1.unity
  artifactKey: Guid(2cda990e2423bbf4892e6590ba056729) Importer(815301076,1909f56bfc062723c751e8b465ee728b)
Start importing Assets/Scenes/Scene1.unity using Guid(2cda990e2423bbf4892e6590ba056729) Importer(815301076,1909f56bfc062723c751e8b465ee728b)  -> (artifact id: '85b2a8c26b2434f6fc5068f765bc72c2') in 0.021877 seconds
  Import took 0.026662 seconds .

========================================================================
Received Prepare
Registering precompiled user dll's ...
Registered in 0.001305 seconds.
Begin MonoManager ReloadAssembly
Native extension for WindowsStandalone target not found
Native extension for WebGL target not found
Refreshing native plugins compatible for Editor in 0.62 ms, found 1 plugins.
Preloading 0 native plugins for Editor in 0.00 ms.
Mono: successfully reloaded assembly
- Completed reload, in  0.928 seconds
Platform modules already initialized, skipping
Refreshing native plugins compatible for Editor in 0.71 ms, found 1 plugins.
Preloading 0 native plugins for Editor in 0.00 ms.
Unloading 2000 Unused Serialized files (Serialized files now loaded: 0)
System memory in use before: 95.3 MB.
System memory in use after: 95.4 MB.

Unloading 12 unused Assets to reduce memory usage. Loaded Objects now: 2516.
Total: 2.463000 ms (FindLiveObjects: 0.517600 ms CreateObjectMapping: 0.087100 ms MarkObjects: 1.761400 ms  DeleteObjects: 0.095400 ms)

========================================================================
Received Prepare
Registering precompiled user dll's ...
Registered in 0.002271 seconds.
Begin MonoManager ReloadAssembly
Native extension for WindowsStandalone target not found
Native extension for WebGL target not found
Refreshing native plugins compatible for Editor in 0.58 ms, found 1 plugins.
Preloading 0 native plugins for Editor in 0.00 ms.
Mono: successfully reloaded assembly
- Completed reload, in  0.938 seconds
Platform modules already initialized, skipping
Refreshing native plugins compatible for Editor in 0.66 ms, found 1 plugins.
Preloading 0 native plugins for Editor in 0.00 ms.
Unloading 2000 Unused Serialized files (Serialized files now loaded: 0)
System memory in use before: 95.3 MB.
System memory in use after: 95.3 MB.

Unloading 12 unused Assets to reduce memory usage. Loaded Objects now: 2520.
Total: 2.885800 ms (FindLiveObjects: 0.492700 ms CreateObjectMapping: 0.280500 ms MarkObjects: 2.010300 ms  DeleteObjects: 0.100700 ms)

========================================================================
Received Prepare
Registering precompiled user dll's ...
Registered in 0.001598 seconds.
Begin MonoManager ReloadAssembly
Native extension for WindowsStandalone target not found
Native extension for WebGL target not found
Refreshing native plugins compatible for Editor in 1.05 ms, found 1 plugins.
Preloading 0 native plugins for Editor in 0.00 ms.
Mono: successfully reloaded assembly
- Completed reload, in  0.972 seconds
Platform modules already initialized, skipping
Refreshing native plugins compatible for Editor in 0.61 ms, found 1 plugins.
Preloading 0 native plugins for Editor in 0.00 ms.
Unloading 2000 Unused Serialized files (Serialized files now loaded: 0)
System memory in use before: 95.3 MB.
System memory in use after: 95.4 MB.

Unloading 12 unused Assets to reduce memory usage. Loaded Objects now: 2524.
Total: 4.102800 ms (FindLiveObjects: 0.711900 ms CreateObjectMapping: 0.246700 ms MarkObjects: 3.014000 ms  DeleteObjects: 0.128400 ms)

========================================================================
Received Prepare
Registering precompiled user dll's ...
Registered in 0.001218 seconds.
Begin MonoManager ReloadAssembly
Native extension for WindowsStandalone target not found
Native extension for WebGL target not found
Refreshing native plugins compatible for Editor in 0.74 ms, found 1 plugins.
Preloading 0 native plugins for Editor in 0.00 ms.
Mono: successfully reloaded assembly
- Completed reload, in  1.017 seconds
Platform modules already initialized, skipping
Refreshing native plugins compatible for Editor in 0.64 ms, found 1 plugins.
Preloading 0 native plugins for Editor in 0.00 ms.
Unloading 2000 Unused Serialized files (Serialized files now loaded: 0)
System memory in use before: 95.3 MB.
System memory in use after: 95.4 MB.

Unloading 12 unused Assets to reduce memory usage. Loaded Objects now: 2528.
Total: 3.015700 ms (FindLiveObjects: 0.285900 ms CreateObjectMapping: 0.163400 ms MarkObjects: 2.413600 ms  DeleteObjects: 0.151800 ms)

========================================================================
Received Import Request.
  Time since last request: 1182.230718 seconds.
  path: Assets/Scripts/Friction.physicsMaterial2D
  artifactKey: Guid(e2600f55f9051484690c1e71ffc63ac8) Importer(815301076,1909f56bfc062723c751e8b465ee728b)
Start importing Assets/Scripts/Friction.physicsMaterial2D using Guid(e2600f55f9051484690c1e71ffc63ac8) Importer(815301076,1909f56bfc062723c751e8b465ee728b)  -> (artifact id: 'c6211610c66ff17aa45227b67f586d8c') in 0.025997 seconds
  Import took 0.033798 seconds .

========================================================================
Received Import Request.
  Time since last request: 28.517000 seconds.
  path: Assets/Scripts/Friction.physicsMaterial2D
  artifactKey: Guid(e2600f55f9051484690c1e71ffc63ac8) Importer(815301076,1909f56bfc062723c751e8b465ee728b)
Start importing Assets/Scripts/Friction.physicsMaterial2D using Guid(e2600f55f9051484690c1e71ffc63ac8) Importer(815301076,1909f56bfc062723c751e8b465ee728b)  -> (artifact id: 'ca2e4701ddd3e47f39926900a4722e75') in 0.003131 seconds
  Import took 0.009516 seconds .

========================================================================
Received Prepare
Registering precompiled user dll's ...
Registered in 0.001463 seconds.
Begin MonoManager ReloadAssembly
Native extension for WindowsStandalone target not found
Native extension for WebGL target not found
Refreshing native plugins compatible for Editor in 0.69 ms, found 1 plugins.
Preloading 0 native plugins for Editor in 0.00 ms.
Mono: successfully reloaded assembly
- Completed reload, in  0.865 seconds
Platform modules already initialized, skipping
Refreshing native plugins compatible for Editor in 0.68 ms, found 1 plugins.
Preloading 0 native plugins for Editor in 0.00 ms.
Unloading 2000 Unused Serialized files (Serialized files now loaded: 0)
System memory in use before: 95.4 MB.
System memory in use after: 95.4 MB.

Unloading 12 unused Assets to reduce memory usage. Loaded Objects now: 2532.
Total: 3.225300 ms (FindLiveObjects: 0.426100 ms CreateObjectMapping: 0.111900 ms MarkObjects: 2.558900 ms  DeleteObjects: 0.127200 ms)

========================================================================
Received Prepare
Registering precompiled user dll's ...
Registered in 0.003178 seconds.
Begin MonoManager ReloadAssembly
Native extension for WindowsStandalone target not found
Native extension for WebGL target not found
Refreshing native plugins compatible for Editor in 0.66 ms, found 1 plugins.
Preloading 0 native plugins for Editor in 0.00 ms.
Mono: successfully reloaded assembly
- Completed reload, in  0.995 seconds
Platform modules already initialized, skipping
Refreshing native plugins compatible for Editor in 0.73 ms, found 1 plugins.
Preloading 0 native plugins for Editor in 0.00 ms.
Unloading 2000 Unused Serialized files (Serialized files now loaded: 0)
System memory in use before: 95.4 MB.
System memory in use after: 95.4 MB.

Unloading 12 unused Assets to reduce memory usage. Loaded Objects now: 2536.
Total: 2.317100 ms (FindLiveObjects: 0.276000 ms CreateObjectMapping: 0.094500 ms MarkObjects: 1.856700 ms  DeleteObjects: 0.088600 ms)

========================================================================
Received Prepare
Registering precompiled user dll's ...
Registered in 0.002594 seconds.
Begin MonoManager ReloadAssembly
Native extension for WindowsStandalone target not found
Native extension for WebGL target not found
Refreshing native plugins compatible for Editor in 0.64 ms, found 1 plugins.
Preloading 0 native plugins for Editor in 0.00 ms.
Mono: successfully reloaded assembly
- Completed reload, in  1.195 seconds
Platform modules already initialized, skipping
Refreshing native plugins compatible for Editor in 0.67 ms, found 1 plugins.
Preloading 0 native plugins for Editor in 0.00 ms.
Unloading 2000 Unused Serialized files (Serialized files now loaded: 0)
System memory in use before: 95.4 MB.
System memory in use after: 95.4 MB.

Unloading 12 unused Assets to reduce memory usage. Loaded Objects now: 2540.
Total: 3.349100 ms (FindLiveObjects: 0.289200 ms CreateObjectMapping: 0.113700 ms MarkObjects: 2.738700 ms  DeleteObjects: 0.205400 ms)

========================================================================
Received Prepare
Registering precompiled user dll's ...
Registered in 0.001114 seconds.
Begin MonoManager ReloadAssembly
Native extension for WindowsStandalone target not found
Native extension for WebGL target not found
Refreshing native plugins compatible for Editor in 0.76 ms, found 1 plugins.
Preloading 0 native plugins for Editor in 0.00 ms.
Mono: successfully reloaded assembly
- Completed reload, in  0.958 seconds
Platform modules already initialized, skipping
Refreshing native plugins compatible for Editor in 0.71 ms, found 1 plugins.
Preloading 0 native plugins for Editor in 0.00 ms.
Unloading 2000 Unused Serialized files (Serialized files now loaded: 0)
System memory in use before: 95.4 MB.
System memory in use after: 95.4 MB.

Unloading 12 unused Assets to reduce memory usage. Loaded Objects now: 2544.
Total: 2.715700 ms (FindLiveObjects: 0.366500 ms CreateObjectMapping: 0.164400 ms MarkObjects: 2.021500 ms  DeleteObjects: 0.162100 ms)

========================================================================
Received Prepare
Registering precompiled user dll's ...
Registered in 0.001439 seconds.
Begin MonoManager ReloadAssembly
Native extension for WindowsStandalone target not found
Native extension for WebGL target not found
Refreshing native plugins compatible for Editor in 0.87 ms, found 1 plugins.
Preloading 0 native plugins for Editor in 0.00 ms.
Mono: successfully reloaded assembly
- Completed reload, in  0.965 seconds
Platform modules already initialized, skipping
Refreshing native plugins compatible for Editor in 0.70 ms, found 1 plugins.
Preloading 0 native plugins for Editor in 0.00 ms.
Unloading 2000 Unused Serialized files (Serialized files now loaded: 0)
System memory in use before: 95.4 MB.
System memory in use after: 95.4 MB.

Unloading 12 unused Assets to reduce memory usage. Loaded Objects now: 2548.
Total: 3.499900 ms (FindLiveObjects: 0.388600 ms CreateObjectMapping: 0.106800 ms MarkObjects: 2.874300 ms  DeleteObjects: 0.128600 ms)

========================================================================
Received Import Request.
  Time since last request: 1438.068291 seconds.
  path: Assets/GameMaster.prefab
  artifactKey: Guid(ced039dea93dbf940be9dbd1b98883a2) Importer(815301076,1909f56bfc062723c751e8b465ee728b)
Start importing Assets/GameMaster.prefab using Guid(ced039dea93dbf940be9dbd1b98883a2) Importer(815301076,1909f56bfc062723c751e8b465ee728b)  -> (artifact id: '065d9534ccf4fb0ac6ada74308f91f3c') in 0.036433 seconds
  Import took 0.042119 seconds .

========================================================================
Received Prepare
Registering precompiled user dll's ...
Registered in 0.001417 seconds.
Begin MonoManager ReloadAssembly
Native extension for WindowsStandalone target not found
Native extension for WebGL target not found
Refreshing native plugins compatible for Editor in 0.62 ms, found 1 plugins.
Preloading 0 native plugins for Editor in 0.00 ms.
Mono: successfully reloaded assembly
- Completed reload, in  0.985 seconds
Platform modules already initialized, skipping
Refreshing native plugins compatible for Editor in 0.68 ms, found 1 plugins.
Preloading 0 native plugins for Editor in 0.00 ms.
Unloading 2000 Unused Serialized files (Serialized files now loaded: 0)
System memory in use before: 95.4 MB.
System memory in use after: 95.4 MB.

Unloading 12 unused Assets to reduce memory usage. Loaded Objects now: 2552.
Total: 3.249200 ms (FindLiveObjects: 0.439800 ms CreateObjectMapping: 0.083300 ms MarkObjects: 2.573900 ms  DeleteObjects: 0.151000 ms)

AssetImportWorkerClient::OnTransportError - code=2 error=End of file
